{"level":"info","message":"每周费用扣除任务已安排","timestamp":"2025-04-13T09:44:36.383Z"}
{"level":"info","message":"Server is running on port 3001","timestamp":"2025-04-13T09:44:36.400Z"}
{"level":"info","message":"MongoDB connected","timestamp":"2025-04-13T09:44:36.452Z"}
{"level":"info","message":"每周费用扣除任务已安排","timestamp":"2025-04-13T09:45:12.630Z"}
{"level":"info","message":"Server is running on port 3001","timestamp":"2025-04-13T09:45:12.641Z"}
{"level":"info","message":"MongoDB connected","timestamp":"2025-04-13T09:45:12.693Z"}
{"level":"info","message":"每周费用扣除任务已安排","service":"user-api","timestamp":"2025-04-13 17:46:19"}
{"level":"info","message":"Server is running on port 3001","service":"user-api","timestamp":"2025-04-13 17:46:19"}
{"level":"info","message":"MongoDB connected","service":"user-api","timestamp":"2025-04-13 17:46:19"}
{"level":"info","message":"每周费用扣除任务已安排","service":"user-api","timestamp":"2025-04-13 17:46:54"}
{"level":"info","message":"Server is running on port 3001","service":"user-api","timestamp":"2025-04-13 17:46:54"}
{"level":"info","message":"MongoDB connected","service":"user-api","timestamp":"2025-04-13 17:46:54"}
{"level":"info","message":"Connecting to MongoDB at mongodb://localhost:27017/panda-quant (attempt 1/3)","service":"user-api","timestamp":"2025-04-13 17:47:49"}
{"level":"info","message":"每周费用扣除任务已安排","service":"user-api","timestamp":"2025-04-13 17:47:49"}
{"level":"info","message":"Server is running on port 3001","service":"user-api","timestamp":"2025-04-13 17:47:49"}
{"level":"info","message":"MongoDB connected successfully","service":"user-api","timestamp":"2025-04-13 17:47:49"}
{"level":"info","message":"MongoDB connected","service":"user-api","timestamp":"2025-04-13 17:47:49"}
{"level":"info","message":"Connecting to MongoDB at mongodb://localhost:27017/panda-quant (attempt 1/3)","service":"user-api","timestamp":"2025-04-13 17:48:14"}
{"level":"info","message":"每周费用扣除任务已安排","service":"user-api","timestamp":"2025-04-13 17:48:14"}
{"level":"info","message":"Server is running on port 3001","service":"user-api","timestamp":"2025-04-13 17:48:14"}
{"level":"info","message":"MongoDB connected successfully","service":"user-api","timestamp":"2025-04-13 17:48:14"}
{"level":"info","message":"MongoDB connected","service":"user-api","timestamp":"2025-04-13 17:48:14"}
{"level":"info","message":"Connecting to MongoDB at mongodb://localhost:27017/panda-quant (attempt 1/3)","service":"user-api","timestamp":"2025-04-13 23:37:37"}
{"level":"info","message":"每周费用扣除任务已安排","service":"user-api","timestamp":"2025-04-13 23:37:38"}
{"level":"info","message":"Server is running on port 3001","service":"user-api","timestamp":"2025-04-13 23:37:38"}
{"level":"info","message":"MongoDB connected successfully","service":"user-api","timestamp":"2025-04-13 23:37:38"}
{"level":"info","message":"MongoDB connected","service":"user-api","timestamp":"2025-04-13 23:37:38"}
{"level":"info","message":"Connecting to MongoDB at mongodb://localhost:27017/panda-quant (attempt 1/3)","service":"user-api","timestamp":"2025-04-14 01:24:56"}
{"level":"info","message":"每周费用扣除任务已安排","service":"user-api","timestamp":"2025-04-14 01:24:56"}
{"level":"info","message":"Server is running on port 3001","service":"user-api","timestamp":"2025-04-14 01:24:56"}
{"level":"info","message":"MongoDB connected successfully","service":"user-api","timestamp":"2025-04-14 01:24:56"}
{"level":"info","message":"MongoDB connected","service":"user-api","timestamp":"2025-04-14 01:24:56"}
{"level":"info","message":"开始执行每周费用扣除","service":"user-api","timestamp":"2025-04-14 02:00:00"}
{"level":"info","message":"找到 0 个需要扣除费用的用户","service":"user-api","timestamp":"2025-04-14 02:00:00"}
{"level":"info","message":"每周费用扣除执行完成","service":"user-api","timestamp":"2025-04-14 02:00:00"}
{"level":"info","message":"Connecting to MongoDB at mongodb://localhost:27017/panda-quant (attempt 1/3)","service":"user-api","timestamp":"2025-04-14 02:44:32"}
{"level":"info","message":"每周费用扣除任务已安排","service":"user-api","timestamp":"2025-04-14 02:44:32"}
{"level":"info","message":"Server is running on port 3001","service":"user-api","timestamp":"2025-04-14 02:44:32"}
{"level":"info","message":"MongoDB connected successfully","service":"user-api","timestamp":"2025-04-14 02:44:32"}
{"level":"info","message":"MongoDB connected","service":"user-api","timestamp":"2025-04-14 02:44:32"}
{"level":"info","message":"Connecting to MongoDB at mongodb://localhost:27017/panda-quant (attempt 1/3)","service":"user-api","timestamp":"2025-04-14 04:11:57"}
{"level":"info","message":"每周费用扣除任务已安排","service":"user-api","timestamp":"2025-04-14 04:11:57"}
{"level":"info","message":"Server is running on port 3001","service":"user-api","timestamp":"2025-04-14 04:11:57"}
{"level":"info","message":"MongoDB connected successfully","service":"user-api","timestamp":"2025-04-14 04:11:57"}
{"level":"info","message":"MongoDB connected","service":"user-api","timestamp":"2025-04-14 04:11:57"}
{"level":"info","message":"Connecting to MongoDB at mongodb://localhost:27017/panda-quant (attempt 1/3)","service":"user-api","timestamp":"2025-04-15 17:40:37"}
{"level":"info","message":"每周费用扣除任务已安排","service":"user-api","timestamp":"2025-04-15 17:40:37"}
{"level":"info","message":"Server is running on port 3001","service":"user-api","timestamp":"2025-04-15 17:40:37"}
{"level":"info","message":"MongoDB connected successfully","service":"user-api","timestamp":"2025-04-15 17:40:37"}
{"level":"info","message":"MongoDB connected","service":"user-api","timestamp":"2025-04-15 17:40:37"}
{"level":"info","message":"Connecting to MongoDB at mongodb://localhost:27017/panda-quant (attempt 1/3)","service":"user-api","timestamp":"2025-04-15 17:41:23"}
{"level":"info","message":"每周费用扣除任务已安排","service":"user-api","timestamp":"2025-04-15 17:41:23"}
{"level":"info","message":"Server is running on port 3001","service":"user-api","timestamp":"2025-04-15 17:41:23"}
{"level":"info","message":"MongoDB connected successfully","service":"user-api","timestamp":"2025-04-15 17:41:23"}
{"level":"info","message":"MongoDB connected","service":"user-api","timestamp":"2025-04-15 17:41:23"}
{"level":"info","message":"POST /api/auth/login","service":"user-api","timestamp":"2025-04-15 17:41:54"}
{"level":"info","message":"POST /api/auth/login","service":"user-api","timestamp":"2025-04-15 17:41:55"}
{"level":"info","message":"POST /api/auth/login","service":"user-api","timestamp":"2025-04-15 17:41:56"}
{"level":"info","message":"Connecting to MongoDB at mongodb://localhost:27017/panda-quant (attempt 1/3)","service":"user-api","timestamp":"2025-04-15 17:43:28"}
{"level":"info","message":"每周费用扣除任务已安排","service":"user-api","timestamp":"2025-04-15 17:43:29"}
{"level":"info","message":"Server is running on port 3001","service":"user-api","timestamp":"2025-04-15 17:43:29"}
{"level":"info","message":"MongoDB connected successfully","service":"user-api","timestamp":"2025-04-15 17:43:29"}
{"level":"info","message":"MongoDB connected","service":"user-api","timestamp":"2025-04-15 17:43:29"}
{"level":"info","message":"POST /api/auth/login","service":"user-api","timestamp":"2025-04-15 17:44:24"}
{"level":"info","message":"POST /api/auth/login","service":"user-api","timestamp":"2025-04-15 17:44:25"}
{"level":"info","message":"POST /api/auth/login","service":"user-api","timestamp":"2025-04-15 17:44:26"}
{"level":"info","message":"POST /api/auth/login","service":"user-api","timestamp":"2025-04-15 17:44:31"}
{"level":"info","message":"POST /api/auth/login","service":"user-api","timestamp":"2025-04-15 17:44:32"}
{"level":"info","message":"POST /api/auth/login","service":"user-api","timestamp":"2025-04-15 17:44:33"}
{"level":"info","message":"POST /api/auth/login","service":"user-api","timestamp":"2025-04-15 17:44:33"}
{"level":"info","message":"POST /api/auth/login","service":"user-api","timestamp":"2025-04-15 17:45:43"}
{"level":"info","message":"Connecting to MongoDB at mongodb://localhost:27017/panda-quant (attempt 1/3)","service":"user-api","timestamp":"2025-04-15 17:49:14"}
{"level":"info","message":"每周费用扣除任务已安排","service":"user-api","timestamp":"2025-04-15 17:49:14"}
{"level":"info","message":"Server is running on port 3001","service":"user-api","timestamp":"2025-04-15 17:49:14"}
{"level":"info","message":"MongoDB connected successfully","service":"user-api","timestamp":"2025-04-15 17:49:14"}
{"level":"info","message":"MongoDB connected","service":"user-api","timestamp":"2025-04-15 17:49:14"}
{"level":"info","message":"POST /api/auth/login","service":"user-api","timestamp":"2025-04-15 17:50:06"}
{"level":"info","message":"Connecting to MongoDB at mongodb://localhost:27017/panda-quant (attempt 1/3)","service":"user-api","timestamp":"2025-04-15 17:51:54"}
{"level":"info","message":"每周费用扣除任务已安排","service":"user-api","timestamp":"2025-04-15 17:51:54"}
{"level":"info","message":"Server is running on port 3001","service":"user-api","timestamp":"2025-04-15 17:51:54"}
{"level":"info","message":"MongoDB connected successfully","service":"user-api","timestamp":"2025-04-15 17:51:54"}
{"level":"info","message":"MongoDB connected","service":"user-api","timestamp":"2025-04-15 17:51:54"}
{"level":"info","message":"Connecting to MongoDB at mongodb://localhost:27017/panda-quant (attempt 1/3)","service":"user-api","timestamp":"2025-04-15 17:52:17"}
{"level":"info","message":"每周费用扣除任务已安排","service":"user-api","timestamp":"2025-04-15 17:52:17"}
{"level":"info","message":"Server is running on port 3001","service":"user-api","timestamp":"2025-04-15 17:52:17"}
{"level":"info","message":"MongoDB connected successfully","service":"user-api","timestamp":"2025-04-15 17:52:17"}
{"level":"info","message":"MongoDB connected","service":"user-api","timestamp":"2025-04-15 17:52:17"}
{"level":"info","message":"POST /api/auth/login","service":"user-api","timestamp":"2025-04-15 17:53:08"}
{"level":"info","message":"POST /api/auth/login","service":"user-api","timestamp":"2025-04-15 17:53:24"}
{"level":"info","message":"Connecting to MongoDB at mongodb://localhost:27017/panda-quant (attempt 1/3)","service":"user-api","timestamp":"2025-04-15 17:55:08"}
{"level":"info","message":"每周费用扣除任务已安排","service":"user-api","timestamp":"2025-04-15 17:55:08"}
{"level":"info","message":"Server is running on port 3001","service":"user-api","timestamp":"2025-04-15 17:55:08"}
{"level":"info","message":"MongoDB connected successfully","service":"user-api","timestamp":"2025-04-15 17:55:08"}
{"level":"info","message":"MongoDB connected","service":"user-api","timestamp":"2025-04-15 17:55:08"}
{"level":"info","message":"Connecting to MongoDB at mongodb://localhost:27017/panda-quant (attempt 1/3)","service":"user-api","timestamp":"2025-04-15 17:56:09"}
{"level":"info","message":"每周费用扣除任务已安排","service":"user-api","timestamp":"2025-04-15 17:56:09"}
{"level":"info","message":"Server is running on port 3001","service":"user-api","timestamp":"2025-04-15 17:56:09"}
{"level":"info","message":"MongoDB connected successfully","service":"user-api","timestamp":"2025-04-15 17:56:09"}
{"level":"info","message":"MongoDB connected","service":"user-api","timestamp":"2025-04-15 17:56:09"}
{"level":"info","message":"POST /api/auth/login","service":"user-api","timestamp":"2025-04-15 17:57:11"}
{"level":"info","message":"GET /api/auth/me","service":"user-api","timestamp":"2025-04-15 17:57:11"}
{"level":"info","message":"Connecting to MongoDB at mongodb://localhost:27017/panda-quant (attempt 1/3)","service":"user-api","timestamp":"2025-04-15 19:12:40"}
{"level":"info","message":"每周费用扣除任务已安排","service":"user-api","timestamp":"2025-04-15 19:12:40"}
{"level":"info","message":"Server is running on port 3001","service":"user-api","timestamp":"2025-04-15 19:12:40"}
{"level":"info","message":"MongoDB connected successfully","service":"user-api","timestamp":"2025-04-15 19:12:40"}
{"level":"info","message":"MongoDB connected","service":"user-api","timestamp":"2025-04-15 19:12:40"}
{"level":"info","message":"Connecting to MongoDB at mongodb://localhost:27017/panda-quant (attempt 1/3)","service":"user-api","timestamp":"2025-04-15 19:14:13"}
{"level":"info","message":"每周费用扣除任务已安排","service":"user-api","timestamp":"2025-04-15 19:14:13"}
{"level":"info","message":"Server is running on port 3001","service":"user-api","timestamp":"2025-04-15 19:14:13"}
{"level":"info","message":"MongoDB connected successfully","service":"user-api","timestamp":"2025-04-15 19:14:13"}
{"level":"info","message":"MongoDB connected","service":"user-api","timestamp":"2025-04-15 19:14:13"}
{"level":"info","message":"Connecting to MongoDB at mongodb://localhost:27017/panda-quant (attempt 1/3)","service":"user-api","timestamp":"2025-04-15 19:15:20"}
{"level":"info","message":"每周费用扣除任务已安排","service":"user-api","timestamp":"2025-04-15 19:15:21"}
{"level":"info","message":"Server is running on port 3001","service":"user-api","timestamp":"2025-04-15 19:15:21"}
{"level":"info","message":"MongoDB connected successfully","service":"user-api","timestamp":"2025-04-15 19:15:21"}
{"level":"info","message":"MongoDB connected","service":"user-api","timestamp":"2025-04-15 19:15:21"}
{"level":"info","message":"Connecting to MongoDB at mongodb://localhost:27017/panda-quant (attempt 1/3)","service":"user-api","timestamp":"2025-04-15 19:21:50"}
{"level":"info","message":"每周费用扣除任务已安排","service":"user-api","timestamp":"2025-04-15 19:21:50"}
{"level":"info","message":"Server is running on port 3001","service":"user-api","timestamp":"2025-04-15 19:21:50"}
{"level":"info","message":"MongoDB connected successfully","service":"user-api","timestamp":"2025-04-15 19:21:51"}
{"level":"info","message":"MongoDB connected","service":"user-api","timestamp":"2025-04-15 19:21:51"}
{"level":"info","message":"POST /api/auth/login","service":"user-api","timestamp":"2025-04-15 19:21:54"}
{"level":"info","message":"Connecting to MongoDB at mongodb://localhost:27017/panda-quant (attempt 1/3)","service":"user-api","timestamp":"2025-04-15 19:24:47"}
{"level":"info","message":"每周费用扣除任务已安排","service":"user-api","timestamp":"2025-04-15 19:24:48"}
{"level":"info","message":"Server is running on port 3001","service":"user-api","timestamp":"2025-04-15 19:24:48"}
{"level":"info","message":"MongoDB connected successfully","service":"user-api","timestamp":"2025-04-15 19:24:48"}
{"level":"info","message":"MongoDB connected","service":"user-api","timestamp":"2025-04-15 19:24:48"}
{"level":"info","message":"Connecting to MongoDB at mongodb://localhost:27017/panda-quant (attempt 1/3)","service":"user-api","timestamp":"2025-04-15 19:27:40"}
{"level":"info","message":"每周费用扣除任务已安排","service":"user-api","timestamp":"2025-04-15 19:27:40"}
{"level":"info","message":"Server is running on port 3001","service":"user-api","timestamp":"2025-04-15 19:27:40"}
{"level":"info","message":"MongoDB connected successfully","service":"user-api","timestamp":"2025-04-15 19:27:40"}
{"level":"info","message":"MongoDB connected","service":"user-api","timestamp":"2025-04-15 19:27:40"}
{"level":"info","message":"Connecting to MongoDB at mongodb://localhost:27017/panda-quant (attempt 1/3)","service":"user-api","timestamp":"2025-04-15 19:28:21"}
{"level":"info","message":"每周费用扣除任务已安排","service":"user-api","timestamp":"2025-04-15 19:28:21"}
{"level":"info","message":"Server is running on port 3001","service":"user-api","timestamp":"2025-04-15 19:28:21"}
{"level":"info","message":"MongoDB connected successfully","service":"user-api","timestamp":"2025-04-15 19:28:22"}
{"level":"info","message":"MongoDB connected","service":"user-api","timestamp":"2025-04-15 19:28:22"}
{"level":"info","message":"POST /auth/login","service":"user-api","timestamp":"2025-04-15 19:34:33"}
{"level":"info","message":"Connecting to MongoDB at mongodb://localhost:27017/panda-quant (attempt 1/3)","service":"user-api","timestamp":"2025-04-15 19:35:56"}
{"level":"info","message":"每周费用扣除任务已安排","service":"user-api","timestamp":"2025-04-15 19:35:56"}
{"level":"info","message":"Server is running on port 3001","service":"user-api","timestamp":"2025-04-15 19:35:56"}
{"level":"info","message":"MongoDB connected successfully","service":"user-api","timestamp":"2025-04-15 19:35:56"}
{"level":"info","message":"MongoDB connected","service":"user-api","timestamp":"2025-04-15 19:35:56"}
{"level":"info","message":"Connecting to MongoDB at mongodb://localhost:27017/panda-quant (attempt 1/3)","service":"user-api","timestamp":"2025-04-15 19:36:39"}
{"level":"info","message":"每周费用扣除任务已安排","service":"user-api","timestamp":"2025-04-15 19:36:39"}
{"level":"info","message":"Server is running on port 3001","service":"user-api","timestamp":"2025-04-15 19:36:39"}
{"level":"info","message":"MongoDB connected successfully","service":"user-api","timestamp":"2025-04-15 19:36:39"}
{"level":"info","message":"MongoDB connected","service":"user-api","timestamp":"2025-04-15 19:36:39"}
{"level":"info","message":"Connecting to MongoDB at mongodb://localhost:27017/panda-quant (attempt 1/3)","service":"user-api","timestamp":"2025-04-15 19:36:58"}
{"level":"info","message":"每周费用扣除任务已安排","service":"user-api","timestamp":"2025-04-15 19:36:58"}
{"level":"info","message":"Server is running on port 3001","service":"user-api","timestamp":"2025-04-15 19:36:58"}
{"level":"info","message":"MongoDB connected successfully","service":"user-api","timestamp":"2025-04-15 19:36:58"}
{"level":"info","message":"MongoDB connected","service":"user-api","timestamp":"2025-04-15 19:36:58"}
{"level":"info","message":"Connecting to MongoDB at mongodb://localhost:27017/panda-quant (attempt 1/3)","service":"user-api","timestamp":"2025-04-15 19:37:16"}
{"level":"info","message":"每周费用扣除任务已安排","service":"user-api","timestamp":"2025-04-15 19:37:17"}
{"level":"info","message":"Server is running on port 3001","service":"user-api","timestamp":"2025-04-15 19:37:17"}
{"level":"info","message":"MongoDB connected successfully","service":"user-api","timestamp":"2025-04-15 19:37:17"}
{"level":"info","message":"MongoDB connected","service":"user-api","timestamp":"2025-04-15 19:37:17"}
{"level":"info","message":"Connecting to MongoDB at mongodb://localhost:27017/panda-quant (attempt 1/3)","service":"user-api","timestamp":"2025-04-15 19:38:08"}
{"level":"info","message":"每周费用扣除任务已安排","service":"user-api","timestamp":"2025-04-15 19:38:08"}
{"level":"info","message":"Server is running on port 3001","service":"user-api","timestamp":"2025-04-15 19:38:08"}
{"level":"info","message":"MongoDB connected successfully","service":"user-api","timestamp":"2025-04-15 19:38:08"}
{"level":"info","message":"MongoDB connected","service":"user-api","timestamp":"2025-04-15 19:38:08"}
{"level":"info","message":"Connecting to MongoDB at mongodb://localhost:27017/panda-quant (attempt 1/3)","service":"user-api","timestamp":"2025-04-15 19:38:37"}
{"level":"info","message":"每周费用扣除任务已安排","service":"user-api","timestamp":"2025-04-15 19:38:37"}
{"level":"info","message":"Server is running on port 3001","service":"user-api","timestamp":"2025-04-15 19:38:37"}
{"level":"info","message":"MongoDB connected successfully","service":"user-api","timestamp":"2025-04-15 19:38:37"}
{"level":"info","message":"MongoDB connected","service":"user-api","timestamp":"2025-04-15 19:38:37"}
{"level":"info","message":"Connecting to MongoDB at mongodb://localhost:27017/panda-quant (attempt 1/3)","service":"user-api","timestamp":"2025-04-15 19:39:19"}
{"level":"info","message":"每周费用扣除任务已安排","service":"user-api","timestamp":"2025-04-15 19:39:20"}
{"level":"info","message":"Server is running on port 3001","service":"user-api","timestamp":"2025-04-15 19:39:20"}
{"level":"info","message":"MongoDB connected successfully","service":"user-api","timestamp":"2025-04-15 19:39:20"}
{"level":"info","message":"MongoDB connected","service":"user-api","timestamp":"2025-04-15 19:39:20"}
{"level":"info","message":"Connecting to MongoDB at mongodb://localhost:27017/panda-quant (attempt 1/3)","service":"user-api","timestamp":"2025-04-15 19:39:42"}
{"level":"info","message":"每周费用扣除任务已安排","service":"user-api","timestamp":"2025-04-15 19:39:42"}
{"level":"info","message":"Server is running on port 3001","service":"user-api","timestamp":"2025-04-15 19:39:42"}
{"level":"info","message":"MongoDB connected successfully","service":"user-api","timestamp":"2025-04-15 19:39:42"}
{"level":"info","message":"MongoDB connected","service":"user-api","timestamp":"2025-04-15 19:39:42"}
{"level":"info","message":"Connecting to MongoDB at mongodb://localhost:27017/panda-quant (attempt 1/3)","service":"user-api","timestamp":"2025-04-15 19:40:25"}
{"level":"info","message":"每周费用扣除任务已安排","service":"user-api","timestamp":"2025-04-15 19:40:25"}
{"level":"info","message":"Server is running on port 3001","service":"user-api","timestamp":"2025-04-15 19:40:25"}
{"level":"info","message":"MongoDB connected successfully","service":"user-api","timestamp":"2025-04-15 19:40:25"}
{"level":"info","message":"MongoDB connected","service":"user-api","timestamp":"2025-04-15 19:40:25"}
{"level":"info","message":"Connecting to MongoDB at mongodb://localhost:27017/panda-quant (attempt 1/3)","service":"user-api","timestamp":"2025-04-15 19:40:46"}
{"level":"info","message":"每周费用扣除任务已安排","service":"user-api","timestamp":"2025-04-15 19:40:46"}
{"level":"info","message":"Server is running on port 3001","service":"user-api","timestamp":"2025-04-15 19:40:46"}
{"level":"info","message":"MongoDB connected successfully","service":"user-api","timestamp":"2025-04-15 19:40:46"}
{"level":"info","message":"MongoDB connected","service":"user-api","timestamp":"2025-04-15 19:40:46"}
{"level":"info","message":"Connecting to MongoDB at mongodb://localhost:27017/panda-quant (attempt 1/3)","service":"user-api","timestamp":"2025-04-15 19:41:39"}
{"level":"info","message":"每周费用扣除任务已安排","service":"user-api","timestamp":"2025-04-15 19:41:39"}
{"level":"info","message":"Server is running on port 3001","service":"user-api","timestamp":"2025-04-15 19:41:39"}
{"level":"info","message":"MongoDB connected successfully","service":"user-api","timestamp":"2025-04-15 19:41:39"}
{"level":"info","message":"MongoDB connected","service":"user-api","timestamp":"2025-04-15 19:41:39"}
{"level":"info","message":"POST /auth/login","service":"user-api","timestamp":"2025-04-15 19:45:04"}
{"level":"info","message":"POST /auth/login","service":"user-api","timestamp":"2025-04-15 19:45:11"}
{"level":"info","message":"POST /auth/login","service":"user-api","timestamp":"2025-04-15 19:45:12"}
{"level":"info","message":"GET /market/data","service":"user-api","timestamp":"2025-04-15 22:44:12"}
{"level":"info","message":"GET /market/data","service":"user-api","timestamp":"2025-04-15 22:44:12"}
{"level":"info","message":"GET /market/data","service":"user-api","timestamp":"2025-04-15 22:44:54"}
{"level":"info","message":"GET /market/data","service":"user-api","timestamp":"2025-04-15 22:44:54"}
{"level":"info","message":"Connecting to MongoDB at mongodb://localhost:27017/panda-quant (attempt 1/3)","service":"user-api","timestamp":"2025-04-15 22:46:21"}
{"level":"info","message":"每周费用扣除任务已安排","service":"user-api","timestamp":"2025-04-15 22:46:21"}
{"level":"info","message":"Server is running on port 3001","service":"user-api","timestamp":"2025-04-15 22:46:21"}
{"level":"info","message":"MongoDB connected successfully","service":"user-api","timestamp":"2025-04-15 22:46:21"}
{"level":"info","message":"MongoDB connected","service":"user-api","timestamp":"2025-04-15 22:46:21"}
{"level":"info","message":"GET /api/market/data","service":"user-api","timestamp":"2025-04-15 22:46:52"}
{"level":"info","message":"GET /api/market/data","service":"user-api","timestamp":"2025-04-15 22:46:52"}
{"level":"info","message":"GET /api/market/data","service":"user-api","timestamp":"2025-04-15 22:47:23"}
{"level":"info","message":"GET /api/market/data","service":"user-api","timestamp":"2025-04-15 22:47:23"}
{"level":"info","message":"GET /api/market/data","service":"user-api","timestamp":"2025-04-15 22:47:34"}
{"level":"info","message":"GET /api/market/data","service":"user-api","timestamp":"2025-04-15 22:47:34"}
{"level":"info","message":"GET /api/market/data","service":"user-api","timestamp":"2025-04-15 22:47:50"}
{"level":"info","message":"GET /api/market/data","service":"user-api","timestamp":"2025-04-15 22:47:50"}
{"level":"info","message":"GET /api/market/data","service":"user-api","timestamp":"2025-04-15 22:47:50"}
{"level":"info","message":"GET /api/market/data","service":"user-api","timestamp":"2025-04-15 22:47:50"}
{"level":"info","message":"GET /api/market/data","service":"user-api","timestamp":"2025-04-15 22:48:21"}
{"level":"info","message":"GET /api/market/data","service":"user-api","timestamp":"2025-04-15 22:48:21"}
{"level":"info","message":"GET /api/market/data","service":"user-api","timestamp":"2025-04-15 22:48:37"}
{"level":"info","message":"GET /api/market/data","service":"user-api","timestamp":"2025-04-15 22:48:37"}
{"level":"info","message":"GET /api/market/data","service":"user-api","timestamp":"2025-04-15 22:48:58"}
{"level":"info","message":"GET /api/market/data","service":"user-api","timestamp":"2025-04-15 22:48:58"}
{"level":"info","message":"GET /api/market/data","service":"user-api","timestamp":"2025-04-15 22:49:12"}
{"level":"info","message":"GET /api/market/data","service":"user-api","timestamp":"2025-04-15 22:49:12"}
{"level":"info","message":"GET /api/market/data","service":"user-api","timestamp":"2025-04-15 22:49:32"}
{"level":"info","message":"GET /api/market/data","service":"user-api","timestamp":"2025-04-15 22:49:32"}
{"level":"info","message":"GET /api/market/data","service":"user-api","timestamp":"2025-04-15 22:49:33"}
{"level":"info","message":"GET /api/market/data","service":"user-api","timestamp":"2025-04-15 22:49:33"}
{"level":"info","message":"GET /api/market/data","service":"user-api","timestamp":"2025-04-15 22:50:49"}
{"level":"info","message":"GET /api/market/data","service":"user-api","timestamp":"2025-04-15 22:50:49"}
{"level":"info","message":"GET /api/market/data","service":"user-api","timestamp":"2025-04-15 22:51:32"}
{"level":"info","message":"GET /api/market/data","service":"user-api","timestamp":"2025-04-15 22:51:32"}
{"level":"info","message":"GET /api/market/data","service":"user-api","timestamp":"2025-04-15 22:51:35"}
{"level":"info","message":"GET /api/market/data","service":"user-api","timestamp":"2025-04-15 22:51:37"}
{"level":"info","message":"GET /api/market/data","service":"user-api","timestamp":"2025-04-15 22:51:37"}
{"level":"info","message":"GET /api/market/data","service":"user-api","timestamp":"2025-04-15 22:52:19"}
{"level":"info","message":"GET /api/market/data","service":"user-api","timestamp":"2025-04-15 22:52:19"}
{"level":"info","message":"GET /api/market/data","service":"user-api","timestamp":"2025-04-15 22:52:54"}
{"level":"info","message":"GET /api/market/data","service":"user-api","timestamp":"2025-04-15 22:52:54"}
{"level":"info","message":"GET /api/market/data","service":"user-api","timestamp":"2025-04-15 22:52:58"}
{"level":"info","message":"GET /api/market/data","service":"user-api","timestamp":"2025-04-15 22:52:58"}
{"level":"info","message":"GET /api/market/data","service":"user-api","timestamp":"2025-04-15 22:53:49"}
{"level":"info","message":"GET /api/market/data","service":"user-api","timestamp":"2025-04-15 22:53:49"}
{"level":"info","message":"GET /api/market/data","service":"user-api","timestamp":"2025-04-15 22:53:59"}
{"level":"info","message":"GET /api/market/data","service":"user-api","timestamp":"2025-04-15 22:54:13"}
{"level":"info","message":"GET /api/market/data","service":"user-api","timestamp":"2025-04-15 22:54:13"}
{"level":"info","message":"GET /api/market/data","service":"user-api","timestamp":"2025-04-15 22:54:13"}
{"level":"info","message":"GET /api/market/data","service":"user-api","timestamp":"2025-04-15 22:54:13"}
{"level":"info","message":"GET /api/market/data","service":"user-api","timestamp":"2025-04-15 22:54:56"}
{"level":"info","message":"GET /api/market/data","service":"user-api","timestamp":"2025-04-15 22:54:56"}
{"level":"info","message":"GET /api/market/data","service":"user-api","timestamp":"2025-04-15 22:55:08"}
{"level":"info","message":"GET /api/market/data","service":"user-api","timestamp":"2025-04-15 22:55:08"}
{"level":"info","message":"GET /api/market/data","service":"user-api","timestamp":"2025-04-15 22:55:57"}
{"level":"info","message":"GET /api/market/data","service":"user-api","timestamp":"2025-04-15 22:56:09"}
{"level":"info","message":"GET /api/market/data","service":"user-api","timestamp":"2025-04-15 22:56:15"}
{"level":"info","message":"GET /api/market/data","service":"user-api","timestamp":"2025-04-15 22:56:15"}
{"level":"info","message":"GET /api/market/data","service":"user-api","timestamp":"2025-04-15 22:56:15"}
{"level":"info","message":"GET /api/market/data","service":"user-api","timestamp":"2025-04-15 22:56:15"}
{"level":"info","message":"GET /api/market/data","service":"user-api","timestamp":"2025-04-15 22:57:18"}
{"level":"info","message":"GET /api/market/data","service":"user-api","timestamp":"2025-04-15 22:57:24"}
{"level":"info","message":"GET /api/market/data","service":"user-api","timestamp":"2025-04-15 22:58:16"}
{"level":"info","message":"GET /api/market/data","service":"user-api","timestamp":"2025-04-15 22:58:16"}
{"level":"info","message":"GET /api/market/data","service":"user-api","timestamp":"2025-04-15 22:58:52"}
{"level":"info","message":"GET /api/market/data","service":"user-api","timestamp":"2025-04-15 22:58:52"}
{"level":"info","message":"GET /api/market/data","service":"user-api","timestamp":"2025-04-15 22:59:01"}
{"level":"info","message":"GET /api/market/data","service":"user-api","timestamp":"2025-04-15 22:59:01"}
{"level":"info","message":"GET /api/market/data","service":"user-api","timestamp":"2025-04-15 22:59:02"}
{"level":"info","message":"GET /api/market/data","service":"user-api","timestamp":"2025-04-15 22:59:02"}
{"level":"info","message":"GET /api/market/data","service":"user-api","timestamp":"2025-04-15 23:00:20"}
{"level":"info","message":"GET /api/market/data","service":"user-api","timestamp":"2025-04-15 23:00:20"}
{"level":"info","message":"GET /api/market/data","service":"user-api","timestamp":"2025-04-15 23:01:21"}
{"level":"info","message":"GET /api/market/data","service":"user-api","timestamp":"2025-04-15 23:02:21"}
{"level":"info","message":"GET /api/market/data","service":"user-api","timestamp":"2025-04-15 23:03:19"}
{"level":"info","message":"GET /api/market/data","service":"user-api","timestamp":"2025-04-15 23:03:19"}
{"level":"info","message":"GET /api/market/data","service":"user-api","timestamp":"2025-04-15 23:03:26"}
{"level":"info","message":"GET /api/market/data","service":"user-api","timestamp":"2025-04-15 23:03:26"}
{"level":"info","message":"GET /api/market/data","service":"user-api","timestamp":"2025-04-15 23:04:20"}
{"level":"info","message":"GET /api/market/data","service":"user-api","timestamp":"2025-04-15 23:04:29"}
{"level":"info","message":"GET /api/market/data","service":"user-api","timestamp":"2025-04-15 23:05:20"}
{"level":"info","message":"GET /api/market/data","service":"user-api","timestamp":"2025-04-15 23:05:21"}
{"level":"info","message":"GET /api/market/data","service":"user-api","timestamp":"2025-04-15 23:05:21"}
{"level":"info","message":"GET /api/market/data","service":"user-api","timestamp":"2025-04-15 23:06:20"}
{"level":"info","message":"GET /api/market/data","service":"user-api","timestamp":"2025-04-15 23:07:20"}
{"level":"info","message":"GET /api/market/data","service":"user-api","timestamp":"2025-04-15 23:08:51"}
{"level":"info","message":"GET /api/market/data","service":"user-api","timestamp":"2025-04-15 23:09:52"}
{"level":"info","message":"GET /api/market/data","service":"user-api","timestamp":"2025-04-15 23:10:53"}
{"level":"info","message":"GET /api/market/data","service":"user-api","timestamp":"2025-04-15 23:11:54"}
{"level":"info","message":"GET /api/market/data","service":"user-api","timestamp":"2025-04-15 23:12:55"}
{"level":"info","message":"GET /api/market/data","service":"user-api","timestamp":"2025-04-15 23:15:22"}
{"level":"info","message":"Connecting to MongoDB at mongodb://localhost:27017/panda-quant (attempt 1/3)","service":"user-api","timestamp":"2025-04-18 01:58:40"}
{"level":"info","message":"每周费用扣除任务已安排","service":"user-api","timestamp":"2025-04-18 01:58:42"}
{"level":"info","message":"Server is running on port 3001","service":"user-api","timestamp":"2025-04-18 01:58:42"}
{"level":"info","message":"MongoDB connected successfully","service":"user-api","timestamp":"2025-04-18 01:58:42"}
{"level":"info","message":"MongoDB connected","service":"user-api","timestamp":"2025-04-18 01:58:42"}
{"level":"info","message":"Connecting to MongoDB at mongodb://localhost:27017/panda-quant (attempt 1/3)","service":"user-api","timestamp":"2025-04-18 01:59:46"}
{"level":"info","message":"每周费用扣除任务已安排","service":"user-api","timestamp":"2025-04-18 01:59:46"}
{"level":"info","message":"Server is running on port 3001","service":"user-api","timestamp":"2025-04-18 01:59:46"}
{"level":"info","message":"MongoDB connected successfully","service":"user-api","timestamp":"2025-04-18 01:59:46"}
{"level":"info","message":"MongoDB connected","service":"user-api","timestamp":"2025-04-18 01:59:46"}
{"level":"info","message":"Connecting to MongoDB at mongodb://localhost:27017/panda-quant (attempt 1/3)","service":"user-api","timestamp":"2025-04-26 21:15:50"}
{"level":"info","message":"每周费用扣除任务已安排","service":"user-api","timestamp":"2025-04-26 21:15:51"}
{"level":"info","message":"Server is running on port 3001","service":"user-api","timestamp":"2025-04-26 21:15:51"}
{"level":"info","message":"MongoDB connected successfully","service":"user-api","timestamp":"2025-04-26 21:15:51"}
{"level":"info","message":"MongoDB connected","service":"user-api","timestamp":"2025-04-26 21:15:51"}
{"level":"info","message":"Connecting to MongoDB at mongodb://localhost:27017/panda-quant (attempt 1/3)","service":"user-api","timestamp":"2025-04-26 21:16:28"}
{"level":"info","message":"每周费用扣除任务已安排","service":"user-api","timestamp":"2025-04-26 21:16:28"}
{"level":"info","message":"Server is running on port 3001","service":"user-api","timestamp":"2025-04-26 21:16:28"}
{"level":"info","message":"MongoDB connected successfully","service":"user-api","timestamp":"2025-04-26 21:16:28"}
{"level":"info","message":"MongoDB connected","service":"user-api","timestamp":"2025-04-26 21:16:28"}
{"level":"info","message":"Connecting to MongoDB at mongodb://localhost:27017/panda-quant (attempt 1/3)","service":"user-api","timestamp":"2025-04-28 17:05:11"}
{"level":"info","message":"每周费用扣除任务已安排","service":"user-api","timestamp":"2025-04-28 17:05:12"}
{"level":"info","message":"Server is running on port 3001","service":"user-api","timestamp":"2025-04-28 17:05:12"}
{"level":"info","message":"MongoDB connected successfully","service":"user-api","timestamp":"2025-04-28 17:05:12"}
{"level":"info","message":"MongoDB connected","service":"user-api","timestamp":"2025-04-28 17:05:12"}
{"level":"info","message":"Connecting to MongoDB at mongodb://localhost:27017/panda-quant (attempt 1/3)","service":"user-api","timestamp":"2025-04-28 22:11:23"}
{"level":"info","message":"每周费用扣除任务已安排","service":"user-api","timestamp":"2025-04-28 22:11:23"}
{"level":"info","message":"Server is running on port 3001","service":"user-api","timestamp":"2025-04-28 22:11:23"}
{"level":"info","message":"MongoDB connected successfully","service":"user-api","timestamp":"2025-04-28 22:11:23"}
{"level":"info","message":"MongoDB connected","service":"user-api","timestamp":"2025-04-28 22:11:23"}
